Determining if the function sgemm_ exists failed with the following output:
Change Dir: /home/caiersheng/下载/task2.1/build/CMakeFiles/CMakeTmp

Run Build Command(s):/usr/bin/gmake -f Makefile cmTC_431bc/fast && /usr/bin/gmake  -f CMakeFiles/cmTC_431bc.dir/build.make CMakeFiles/cmTC_431bc.dir/build
gmake[1]: 进入目录“/home/caiersheng/下载/task2.1/build/CMakeFiles/CMakeTmp”
Building C object CMakeFiles/cmTC_431bc.dir/CheckFunctionExists.c.o
/usr/bin/cc   -DCHECK_FUNCTION_EXISTS=sgemm_ -o CMakeFiles/cmTC_431bc.dir/CheckFunctionExists.c.o -c /usr/share/cmake-3.22/Modules/CheckFunctionExists.c
Linking C executable cmTC_431bc
/usr/bin/cmake -E cmake_link_script CMakeFiles/cmTC_431bc.dir/link.txt --verbose=1
/usr/bin/cc  -DCHECK_FUNCTION_EXISTS=sgemm_ -rdynamic CMakeFiles/cmTC_431bc.dir/CheckFunctionExists.c.o -o cmTC_431bc 
/usr/bin/ld: CMakeFiles/cmTC_431bc.dir/CheckFunctionExists.c.o: in function `main':
CheckFunctionExists.c:(.text+0x14): undefined reference to `sgemm_'
collect2: error: ld returned 1 exit status
gmake[1]: *** [CMakeFiles/cmTC_431bc.dir/build.make:99：cmTC_431bc] 错误 1
gmake[1]: 离开目录“/home/caiersheng/下载/task2.1/build/CMakeFiles/CMakeTmp”
gmake: *** [Makefile:127：cmTC_431bc/fast] 错误 2



Determining if the function cheev_ exists failed with the following output:
Change Dir: /home/caiersheng/下载/task2.1/build/CMakeFiles/CMakeTmp

Run Build Command(s):/usr/bin/gmake -f Makefile cmTC_0acf9/fast && /usr/bin/gmake  -f CMakeFiles/cmTC_0acf9.dir/build.make CMakeFiles/cmTC_0acf9.dir/build
gmake[1]: 进入目录“/home/caiersheng/下载/task2.1/build/CMakeFiles/CMakeTmp”
Building C object CMakeFiles/cmTC_0acf9.dir/CheckFunctionExists.c.o
/usr/bin/cc   -DCHECK_FUNCTION_EXISTS=cheev_ -o CMakeFiles/cmTC_0acf9.dir/CheckFunctionExists.c.o -c /usr/share/cmake-3.22/Modules/CheckFunctionExists.c
Linking C executable cmTC_0acf9
/usr/bin/cmake -E cmake_link_script CMakeFiles/cmTC_0acf9.dir/link.txt --verbose=1
/usr/bin/cc  -DCHECK_FUNCTION_EXISTS=cheev_ -rdynamic CMakeFiles/cmTC_0acf9.dir/CheckFunctionExists.c.o -o cmTC_0acf9  /usr/lib/x86_64-linux-gnu/libblas.so -lm -ldl 
/usr/bin/ld: CMakeFiles/cmTC_0acf9.dir/CheckFunctionExists.c.o: in function `main':
CheckFunctionExists.c:(.text+0x14): undefined reference to `cheev_'
collect2: error: ld returned 1 exit status
gmake[1]: *** [CMakeFiles/cmTC_0acf9.dir/build.make:100：cmTC_0acf9] 错误 1
gmake[1]: 离开目录“/home/caiersheng/下载/task2.1/build/CMakeFiles/CMakeTmp”
gmake: *** [Makefile:127：cmTC_0acf9/fast] 错误 2



Determining if the function cheev_ exists failed with the following output:
Change Dir: /home/caiersheng/下载/task2.1/build/CMakeFiles/CMakeTmp

Run Build Command(s):/usr/bin/gmake -f Makefile cmTC_1bf6b/fast && /usr/bin/gmake  -f CMakeFiles/cmTC_1bf6b.dir/build.make CMakeFiles/cmTC_1bf6b.dir/build
gmake[1]: 进入目录“/home/caiersheng/下载/task2.1/build/CMakeFiles/CMakeTmp”
Building C object CMakeFiles/cmTC_1bf6b.dir/CheckFunctionExists.c.o
/usr/bin/cc   -DCHECK_FUNCTION_EXISTS=cheev_ -o CMakeFiles/cmTC_1bf6b.dir/CheckFunctionExists.c.o -c /usr/share/cmake-3.22/Modules/CheckFunctionExists.c
Linking C executable cmTC_1bf6b
/usr/bin/cmake -E cmake_link_script CMakeFiles/cmTC_1bf6b.dir/link.txt --verbose=1
/usr/bin/cc  -DCHECK_FUNCTION_EXISTS=cheev_ -rdynamic CMakeFiles/cmTC_1bf6b.dir/CheckFunctionExists.c.o -o cmTC_1bf6b  /usr/lib/x86_64-linux-gnu/liblapack.so /usr/lib/x86_64-linux-gnu/libblas.so -fortranlibs 
cc: error: unrecognized command-line option ‘-fortranlibs’
gmake[1]: *** [CMakeFiles/cmTC_1bf6b.dir/build.make:101：cmTC_1bf6b] 错误 1
gmake[1]: 离开目录“/home/caiersheng/下载/task2.1/build/CMakeFiles/CMakeTmp”
gmake: *** [Makefile:127：cmTC_1bf6b/fast] 错误 2



